<?xml version="1.0" encoding="UTF-8"?>
<testsuite name="fpt.edu.bpcrs.contract.CarTest" tests="1" skipped="0" failures="0" errors="0" timestamp="2020-07-19T08:35:27" hostname="Jeremy.local" time="0.158">
  <properties/>
  <testcase name="toStringIdentifiesCar()" classname="fpt.edu.bpcrs.contract.CarTest" time="0.158"/>
  <system-out><![CDATA[]]></system-out>
  <system-err><![CDATA[]]></system-err>
</testsuite>
