<?xml version="1.0" encoding="UTF-8"?>
<testsuite name="fpt.edu.bpcrs.contract.CarTest$Equality" tests="6" skipped="0" failures="0" errors="0" timestamp="2020-07-19T08:35:27" hostname="Jeremy.local" time="0.024">
  <properties/>
  <testcase name="handlesOtherObjects()" classname="fpt.edu.bpcrs.contract.CarTest$Equality" time="0.007"/>
  <testcase name="isReflexive()" classname="fpt.edu.bpcrs.contract.CarTest$Equality" time="0.002"/>
  <testcase name="isTransitive()" classname="fpt.edu.bpcrs.contract.CarTest$Equality" time="0.002"/>
  <testcase name="handlesInequality()" classname="fpt.edu.bpcrs.contract.CarTest$Equality" time="0.002"/>
  <testcase name="isSymmetric()" classname="fpt.edu.bpcrs.contract.CarTest$Equality" time="0.001"/>
  <testcase name="handlesNull()" classname="fpt.edu.bpcrs.contract.CarTest$Equality" time="0.001"/>
  <system-out><![CDATA[]]></system-out>
  <system-err><![CDATA[]]></system-err>
</testsuite>
